<?xml version="1.0" encoding="UTF-8"?>
<!-- Generated by org.testng.reporters.JUnitXMLReporter -->
<testsuite hostname="DICVUVAN" name="Default test" tests="19" failures="0" timestamp="25 Sep 2019 09:23:13 GMT" time="496.021" errors="0">
  <testcase name="main" time="14.347" classname="vTest.BuildTest"/>
  <testcase name="main" time="14.678" classname="vTest.BuildTest"/>
  <testcase name="main" time="14.954" classname="vTest.BuildTest"/>
  <testcase name="main" time="14.415" classname="vTest.BuildTest"/>
  <testcase name="main" time="13.63" classname="vTest.BuildTest"/>
  <testcase name="main" time="14.243" classname="vTest.BuildTest"/>
  <testcase name="main" time="14.796" classname="vTest.BuildTest"/>
  <testcase name="main" time="13.726" classname="vTest.BuildTest"/>
  <testcase name="main" time="15.011" classname="vTest.BuildTest"/>
  <testcase name="main" time="14.541" classname="vTest.BuildTest"/>
  <testcase name="main" time="14.875" classname="vTest.BuildTest"/>
  <testcase name="main" time="20.69" classname="vTest.BuildTest"/>
  <testcase name="main" time="15.176" classname="vTest.BuildTest"/>
  <testcase name="main" time="18.071" classname="vTest.BuildTest"/>
  <testcase name="main" time="14.222" classname="vTest.BuildTest"/>
  <testcase name="main" time="14.909" classname="vTest.BuildTest"/>
  <testcase name="main" time="14.551" classname="vTest.BuildTest"/>
  <testcase name="main" time="16.279" classname="vTest.BuildTest"/>
  <testcase name="main" time="13.074" classname="vTest.BuildTest"/>
</testsuite> <!-- Default test -->
