<?xml version="1.0" encoding="UTF-8"?>
<testng-results skipped="0" failed="0" total="1" passed="1">
  <reporter-output>
  </reporter-output>
  <suite name="Default suite" duration-ms="67261" started-at="2019-07-18T08:49:28Z" finished-at="2019-07-18T08:50:35Z">
    <groups>
    </groups>
    <test name="Default test" duration-ms="67261" started-at="2019-07-18T08:49:28Z" finished-at="2019-07-18T08:50:35Z">
      <class name="diTest.ByDesignTest">
        <test-method status="PASS" signature="setUp()[pri:0, instance:diTest.ByDesignTest@1753acfe]" name="setUp" is-config="true" duration-ms="5004" started-at="2019-07-18T15:49:28Z" finished-at="2019-07-18T15:49:33Z">
          <reporter-output>
          </reporter-output>
        </test-method> <!-- setUp -->
        <test-method status="PASS" signature="createSalesOrderTest()[pri:0, instance:diTest.ByDesignTest@1753acfe]" name="createSalesOrderTest" duration-ms="62242" started-at="2019-07-18T15:49:33Z" finished-at="2019-07-18T15:50:35Z">
          <reporter-output>
          </reporter-output>
        </test-method> <!-- createSalesOrderTest -->
        <test-method status="PASS" signature="tearDown()[pri:0, instance:diTest.ByDesignTest@1753acfe]" name="tearDown" is-config="true" duration-ms="0" started-at="2019-07-18T15:50:35Z" finished-at="2019-07-18T15:50:35Z">
          <reporter-output>
          </reporter-output>
        </test-method> <!-- tearDown -->
      </class> <!-- diTest.ByDesignTest -->
    </test> <!-- Default test -->
  </suite> <!-- Default suite -->
</testng-results>
